[20:04:36] [ServerMain/INFO]: Environment: Environment[accountsHost=https://api.mojang.com, sessionHost=https://sessionserver.mojang.com, servicesHost=https://api.minecraftservices.com, name=PROD]
[20:04:36] [ServerMain/INFO]: Found new data pack file/bukkit, loading it automatically
[20:04:37] [ServerMain/INFO]: Loaded 7 recipes
[20:04:38] [Server thread/INFO]: Starting minecraft server version 1.20.2
[20:04:38] [Server thread/INFO]: Loading properties
[20:04:38] [Server thread/INFO]: This server is running Paper version git-Paper-281 (MC: 1.20.2) (Implementing API version 1.20.2-R0.1-SNAPSHOT) (Git: c95bc5f)
[20:04:38] [Server thread/INFO]: Server Ping Player Sample Count: 12
[20:04:38] [Server thread/INFO]: Using 4 threads for Netty based IO
[20:04:39] [Server thread/WARN]: [!] The timings profiler has been enabled but has been scheduled for removal from Paper in the future.
    We recommend installing the spark profiler as a replacement: https://spark.lucko.me/
    For more information please visit: https://github.com/PaperMC/Paper/issues/8948
[20:04:39] [Server thread/INFO]: [ChunkTaskScheduler] Chunk system is using 1 I/O threads, 4 worker threads, and gen parallelism of 4 threads
[20:04:39] [Server thread/INFO]: Default game type: SURVIVAL
[20:04:39] [Server thread/INFO]: Generating keypair
[20:04:39] [Server thread/INFO]: Starting Minecraft server on *:25565
[20:04:39] [Server thread/INFO]: Using epoll channel type
[20:04:39] [Server thread/INFO]: Paper: Using libdeflate (Linux x86_64) compression from Velocity.
[20:04:39] [Server thread/INFO]: Paper: Using OpenSSL 1.1.x (Linux x86_64) cipher from Velocity.
[20:04:39] [Server thread/INFO]: [LuckPerms] Loading server plugin LuckPerms v5.4.108
[20:04:40] [Server thread/INFO]: [Vault] Loading server plugin Vault v1.7.3-b131
[20:04:40] [Server thread/INFO]: [Essentials] Loading server plugin Essentials v2.20.1-dev+29-6012959
[20:04:40] [Server thread/INFO]: [PlaceholderAPI] Loading server plugin PlaceholderAPI v2.11.5
[20:04:40] [Server thread/INFO]: [Core] Loading server plugin Core v1.0
[20:04:40] [Server thread/INFO]: [HeadDatabase] Loading server plugin HeadDatabase v4.18.2
[20:04:40] [Server thread/INFO]: [SurvivalCore] Loading server plugin SurvivalCore v1.0
[20:04:40] [Server thread/INFO]: [TAB-Bridge] Loading server plugin TAB-Bridge v3.1.8
[20:04:40] [Server thread/INFO]: [EssentialsSpawn] Loading server plugin EssentialsSpawn v2.20.1-dev+29-6012959
[20:04:40] [Server thread/INFO]: [Lands] Loading server plugin Lands v1.0
[20:04:40] [Server thread/INFO]: Server permissions file permissions.yml is empty, ignoring it
[20:04:40] [Server thread/INFO]: [LuckPerms] Enabling LuckPerms v5.4.108
[20:04:40] [Server thread/INFO]:         __    
[20:04:40] [Server thread/INFO]:   |    |__)   LuckPerms v5.4.108
[20:04:40] [Server thread/INFO]:   |___ |      Running on Bukkit - Paper
[20:04:40] [Server thread/INFO]: 
[20:04:40] [Server thread/INFO]: [LuckPerms] Loading configuration...
[20:04:40] [Server thread/INFO]: [LuckPerms] Loading storage provider... [MARIADB]
[20:04:40] [Server thread/INFO]: [me.lucko.luckperms.lib.hikari.HikariDataSource] luckperms-hikari - Starting...
[20:04:40] [Server thread/INFO]: [me.lucko.luckperms.lib.hikari.HikariDataSource] luckperms-hikari - Start completed.
[20:04:41] [Server thread/INFO]: [LuckPerms] Loading messaging service... [SQL]
[20:04:41] [Server thread/INFO]: [LuckPerms] Loading internal permission managers...
[20:04:41] [Server thread/INFO]: [LuckPerms] Performing initial data load...
[20:04:41] [Server thread/INFO]: [LuckPerms] Successfully enabled. (took 1463ms)
[20:04:41] [Server thread/INFO]: [Vault] Enabling Vault v1.7.3-b131
[20:04:41] [Server thread/INFO]: [Vault] [Economy] Essentials Economy found: Waiting
[20:04:41] [Server thread/INFO]: [Vault] [Permission] SuperPermissions loaded as backup permission system.
[20:04:41] [Server thread/INFO]: [Vault] Enabled Version 1.7.3-b131
[20:04:41] [Server thread/INFO]: [LuckPerms] Registered Vault permission & chat hook.
[20:04:41] [Server thread/WARN]: **** SERVER IS RUNNING IN OFFLINE/INSECURE MODE!
[20:04:41] [Server thread/WARN]: The server will make no attempt to authenticate usernames. Beware.
[20:04:41] [Server thread/WARN]: Whilst this makes it possible to use BungeeCord, unless access to your server is properly restricted, it also opens up the ability for hackers to connect with any username they choose.
[20:04:41] [Server thread/WARN]: Please see http://www.spigotmc.org/wiki/firewall-guide/ for further information.
[20:04:41] [Server thread/WARN]: To change this, set "online-mode" to "true" in the server.properties file.
[20:04:41] [Server thread/INFO]: Preparing level "world"
[20:04:48] [Server thread/INFO]: Preparing start region for dimension minecraft:overworld
[20:04:48] [Server thread/INFO]: Time elapsed: 174 ms
[20:04:48] [Server thread/INFO]: Preparing start region for dimension minecraft:the_nether
[20:04:49] [Server thread/INFO]: Time elapsed: 163 ms
[20:04:49] [Server thread/INFO]: Preparing start region for dimension minecraft:the_end
[20:04:49] [Server thread/INFO]: Time elapsed: 209 ms
[20:04:49] [Server thread/INFO]: [Essentials] Enabling Essentials v2.20.1-dev+29-6012959
[20:04:49] [Server thread/ERROR]: [Essentials] You are running an unsupported server version!
[20:04:49] [Server thread/INFO]: [Essentials] Attempting to convert old kits in config.yml to new kits.yml
[20:04:49] [Server thread/INFO]: [Essentials] No kits found to migrate.
[20:04:49] [Server thread/INFO]: [Essentials] Loaded 39094 items from items.json.
[20:04:49] [Server thread/INFO]: [Essentials] Using locale fr
[20:04:49] [Server thread/INFO]: [Essentials] ServerListPingEvent: Spigot iterator API
[20:04:49] [Server thread/INFO]: [Essentials] Starting Metrics. Opt-out using the global bStats config.
[20:04:49] [Server thread/INFO]: [Vault] [Economy] Essentials Economy hooked.
[20:04:49] [Server thread/INFO]: [Essentials] Using Vault based permissions (LuckPerms)
[20:04:49] [Server thread/INFO]: [PlaceholderAPI] Enabling PlaceholderAPI v2.11.5
[20:04:50] [Server thread/INFO]: [PlaceholderAPI] Fetching available expansion information...
[20:04:50] [Server thread/INFO]: [Core] Enabling Core v1.0
[20:04:50] [Server thread/INFO]: [Core] [STDOUT] Tentative de connexion à la bdd jdbc:mysql://mariadb:3306/minecraft
[20:04:50] [Server thread/WARN]: Nag author(s): '[Iban]' of 'Core v1.0' about their usage of System.out/err.print. Please use your plugin's logger instead (JavaPlugin#getLogger).
[20:04:50] [Server thread/INFO]: [fr.iban.libs.com.zaxxer.hikari.HikariDataSource] HikariPool-1 - Starting...
[20:04:50] [Server thread/INFO]: [fr.iban.libs.com.zaxxer.hikari.pool.HikariPool] HikariPool-1 - Added connection com.mysql.cj.jdbc.ConnectionImpl@7095e032
[20:04:50] [Server thread/INFO]: [fr.iban.libs.com.zaxxer.hikari.HikariDataSource] HikariPool-1 - Start completed.
[20:04:50] [Server thread/INFO]: [Core] [STDOUT] Connection effectuée.
[20:04:50] [Server thread/INFO]: [HeadDatabase] Enabling HeadDatabase v4.18.2
[20:04:51] [Server thread/INFO]: [HeadDatabase] Could not load find "texts" folder!
[20:04:51] [Server thread/INFO]: [HeadDatabase] Creating new folder
[20:04:51] [Server thread/INFO]: [HeadDatabase] Importing en_US.lang ...
[20:04:51] [Server thread/INFO]: [HeadDatabase] Importing de_DE.lang ...
[20:04:51] [Server thread/INFO]: [HeadDatabase] Importing pl_PL.lang ...
[20:04:51] [Server thread/INFO]: [HeadDatabase] Importing pt_BR.lang ...
[20:04:51] [Server thread/INFO]: [HeadDatabase] Importing pt_PT.lang ...
[20:04:51] [Server thread/INFO]: [HeadDatabase] Importing fr_FR.lang ...
[20:04:51] [Server thread/INFO]: [HeadDatabase] Importing he_IL.lang ...
[20:04:51] [Server thread/INFO]: [HeadDatabase] Importing hu_HU.lang ...
[20:04:51] [Server thread/INFO]: [HeadDatabase] Importing it_IT.lang ...
[20:04:51] [Server thread/INFO]: [HeadDatabase] Importing cs_CZ.lang ...
[20:04:51] [Server thread/INFO]: [HeadDatabase] Importing es_MX.lang ...
[20:04:51] [Server thread/INFO]: [HeadDatabase] Importing es_ES.lang ...
[20:04:51] [Server thread/INFO]: [HeadDatabase] Importing ru_RU.lang ...
[20:04:51] [Server thread/INFO]: [HeadDatabase] Importing lc_US.lang ...
[20:04:51] [Server thread/INFO]: [HeadDatabase] Importing ko_KR.lang ...
[20:04:51] [Server thread/INFO]: [HeadDatabase] Importing nl_NL.lang ...
[20:04:51] [Server thread/INFO]: [HeadDatabase] Importing ro_RO.lang ...
[20:04:51] [Server thread/INFO]: [HeadDatabase] Importing uk_UA.lang ...
[20:04:51] [Server thread/INFO]: [HeadDatabase] Importing zh_CN.lang ...
[20:04:51] [Server thread/INFO]: [HeadDatabase] Imported 19 new languages!
[20:04:51] [Server thread/INFO]: [HeadDatabase] §bUsing default §3"en_US.lang" §bcreated by §6Arcaniax
[20:04:51] [Server thread/WARN]: [HeadDatabase] Economy was not loaded, some features will be disabled!
[20:04:51] [Server thread/INFO]: [PlaceholderAPI] Successfully registered internal expansion: hdb [4.18.2]
[20:04:51] [Server thread/INFO]: [SurvivalCore] Enabling SurvivalCore v1.0
[20:04:51] [Server thread/INFO]: [SurvivalCore] Using EssentialsX Economy economy.
[20:04:51] [Server thread/INFO]: [TAB-Bridge] Enabling TAB-Bridge v3.1.8
[20:04:51] [Server thread/INFO]: [EssentialsSpawn] Enabling EssentialsSpawn v2.20.1-dev+29-6012959
[20:04:51] [Server thread/INFO]: [EssentialsSpawn] Starting Metrics. Opt-out using the global bStats config.
[20:04:51] [Server thread/INFO]: [Lands] Enabling Lands v1.0
[20:04:52] [Server thread/INFO]: [Lands] Chargement des données :.
[20:04:52] [Server thread/INFO]: [PlaceholderAPI] Placeholder expansion registration initializing...
[20:04:52] [Server thread/INFO]: 0 placeholder hook(s) registered!
[20:04:52] [Server thread/INFO]: Starting remote control listener
[20:04:52] [Server thread/INFO]: Thread RCON Listener started
[20:04:52] [Server thread/INFO]: RCON running on 0.0.0.0:25575
[20:04:52] [Server thread/INFO]: Running delayed init tasks
[20:04:52] [Craft Scheduler Thread - 3 - Essentials/INFO]: [Essentials] Récupération des informations de version...
[20:04:52] [Craft Scheduler Thread - 5 - Lands/INFO]: [Lands] Chargement des lands...
[20:04:52] [Server thread/INFO]: [Essentials] Essentials found a compatible payment resolution method: Vault Compatibility Layer (v1.7.3-b131)!
[20:04:52] [Server thread/INFO]: Done (14.547s)! For help, type "help"
[20:04:52] [Craft Scheduler Thread - 5 - Lands/INFO]: [Lands] Chargement des chunks...
[20:04:52] [Craft Scheduler Thread - 7 - Vault/INFO]: [Vault] Checking for Updates ... 
[20:04:52] [Server thread/INFO]: Timings Reset
[20:04:52] [Craft Scheduler Thread - 5 - Lands/INFO]: [Lands] 0 chunks chargées
[20:04:52] [Craft Scheduler Thread - 5 - Lands/INFO]: [Lands] Chargement des liens...
[20:04:52] [Craft Scheduler Thread - 5 - Lands/INFO]: [Lands] Chargement des données terminé en 230 ms.
[20:04:53] [Craft Scheduler Thread - 7 - Vault/INFO]: [Vault] No new version available
[20:04:53] [Craft Scheduler Thread - 3 - Essentials/WARN]: [Essentials] Vous êtes en retard de 36 version(s) de développement d‘EssentialsX !
[20:04:53] [Craft Scheduler Thread - 3 - Essentials/WARN]: [Essentials] Téléchargez-la ici : https://essentialsx.net/downloads.html
[20:04:57] [Folia Async Scheduler Thread #0/INFO]: [HeadDatabase] Successfully loaded 57849 heads!
[20:04:57] [Folia Async Scheduler Thread #0/INFO]: [HeadDatabase] Successfully loaded 18 featured tags!
